4/22/2021, 1:48:12 AM | INFO | AUDIT: created new audit record | 
4/22/2021, 1:49:06 AM | INFO | AUDIT: created new audit record | 
4/22/2021, 1:59:48 AM | INFO | AUDIT: created new audit record | 
4/22/2021, 3:50:33 AM | INFO | AUDIT: created new UPDATE_CREDITS audit record | 
4/22/2021, 7:16:34 PM | INFO | AUDIT: created new GET_PATIENTS audit record | 
4/22/2021, 7:18:18 PM | INFO | AUDIT: created new CREATE_PATIENT audit record | 
4/22/2021, 7:18:44 PM | INFO | AUDIT: created new GET_ONE_PATIENT audit record | 
4/22/2021, 7:19:04 PM | INFO | AUDIT: created new UPDATE_ONE_PATIENT audit record | 
4/22/2021, 7:19:17 PM | INFO | AUDIT: created new UPDATE_ONE_PATIENT audit record | 
4/22/2021, 7:19:34 PM | INFO | AUDIT: created new DELETE_ONE_PATIENT audit record | 
4/22/2021, 7:19:56 PM | INFO | AUDIT: created new CREATE_PATIENT audit record | 
4/22/2021, 7:20:09 PM | INFO | AUDIT: created new GET_ALL_SCAN_HISTORY audit record | 
4/22/2021, 7:20:22 PM | INFO | AUDIT: created new GET_ALL_SCAN_HISTORY audit record | 
4/22/2021, 7:20:30 PM | INFO | AUDIT: created new GET_ALL_SCAN_HISTORY audit record | 
4/22/2021, 7:39:41 PM | INFO | AUDIT: created new GET_CREDITS audit record | 
4/22/2021, 7:39:42 PM | INFO | AUDIT: created new GET_PATIENTS audit record | 
4/22/2021, 7:41:25 PM | INFO | AUDIT: created new GET_CREDITS audit record | 
4/22/2021, 7:41:25 PM | INFO | AUDIT: created new GET_PATIENTS audit record | 
4/22/2021, 7:50:12 PM | INFO | AUDIT: created new CREATE_NEW_PAYMENT_INTENT audit record | 
4/23/2021, 10:48:35 PM | INFO | AUDIT: created new GET_CREDITS audit record | 
4/23/2021, 10:50:18 PM | INFO | AUDIT: created new UPDATE_CREDITS audit record | 
4/23/2021, 10:53:14 PM | INFO | AUDIT: created new GET_CREDITS audit record | 
4/23/2021, 11:27:58 PM | INFO | AUDIT: created new VERFIY_USER audit record | 
4/23/2021, 11:59:28 PM | INFO | AUDIT: created new GET_PATIENTS audit record | 
4/24/2021, 12:07:08 AM | INFO | AUDIT: created new CREATE_PATIENT audit record | 
4/24/2021, 12:09:26 AM | INFO | AUDIT: created new CREATE_PATIENT audit record | 
4/24/2021, 12:19:30 AM | INFO | AUDIT: created new GET_PATIENTS audit record | 
4/24/2021, 12:19:39 AM | INFO | AUDIT: created new GET_ONE_PATIENT audit record | 
4/24/2021, 12:24:21 AM | INFO | AUDIT: created new GET_ALL_SCAN_HISTORY audit record | 
4/24/2021, 12:26:46 AM | INFO | AUDIT: created new GET_ALL_SCAN_HISTORY audit record | 
4/24/2021, 12:26:51 AM | INFO | AUDIT: created new GET_ALL_SCAN_HISTORY audit record | 
4/24/2021, 12:26:55 AM | INFO | AUDIT: created new GET_ALL_SCAN_HISTORY audit record | 
4/24/2021, 12:26:59 AM | INFO | AUDIT: created new GET_ALL_SCAN_HISTORY audit record | 
4/24/2021, 12:27:03 AM | INFO | AUDIT: created new GET_ALL_SCAN_HISTORY audit record | 
4/24/2021, 12:27:19 AM | INFO | AUDIT: created new GET_ALL_SCAN_HISTORY audit record | 
4/24/2021, 12:28:23 AM | INFO | AUDIT: created new GET_ALL_SCAN_HISTORY audit record | 
4/24/2021, 12:29:05 AM | INFO | AUDIT: created new GET_ALL_SCAN_HISTORY audit record | 
4/24/2021, 12:31:45 AM | INFO | AUDIT: created new GET_PATIENTS audit record | 
4/24/2021, 12:31:54 AM | INFO | AUDIT: created new GET_ALL_SCAN_HISTORY audit record | 
4/24/2021, 12:44:00 AM | INFO | AUDIT: created new DELETE_ONE_PATIENT audit record | 
4/24/2021, 12:50:36 AM | INFO | AUDIT: created new GET_PATIENTS audit record | 
4/24/2021, 12:50:56 AM | INFO | AUDIT: created new GET_ONE_PATIENT audit record | 
4/24/2021, 12:51:05 AM | INFO | AUDIT: created new DELETE_ONE_PATIENT audit record | 
4/24/2021, 12:51:13 AM | INFO | AUDIT: created new GET_PATIENTS audit record | 
4/24/2021, 12:51:26 AM | INFO | AUDIT: created new UPDATE_ONE_PATIENT audit record | 
4/24/2021, 12:53:17 AM | INFO | AUDIT: created new UPDATE_ONE_PATIENT audit record | 
4/24/2021, 12:53:48 AM | INFO | AUDIT: created new UPDATE_ONE_PATIENT audit record | 
4/24/2021, 12:54:22 AM | INFO | AUDIT: created new UPDATE_ONE_PATIENT audit record | 
4/24/2021, 1:04:00 AM | INFO | AUDIT: created new UPDATE_ONE_PATIENT audit record | 
4/24/2021, 1:04:49 AM | INFO | AUDIT: created new UPDATE_ONE_PATIENT audit record | 
4/24/2021, 1:34:53 AM | INFO | AUDIT: created new CREATE_NEW_PAYMENT_INTENT audit record | 
4/24/2021, 1:42:28 AM | INFO | AUDIT: created new GET_CREDITS audit record | 
4/24/2021, 1:42:28 AM | INFO | AUDIT: created new GET_PATIENTS audit record | 
4/24/2021, 1:42:29 AM | INFO | AUDIT: created new GET_ALL_SCAN_HISTORY audit record | 
4/24/2021, 1:44:59 AM | INFO | AUDIT: created new GET_CREDITS audit record | 
4/24/2021, 1:44:59 AM | INFO | AUDIT: created new GET_PATIENTS audit record | 
4/24/2021, 1:45:00 AM | INFO | AUDIT: created new GET_ALL_SCAN_HISTORY audit record | 
4/24/2021, 1:46:47 AM | INFO | AUDIT: created new GET_ALL_SCAN_HISTORY audit record | 
4/24/2021, 1:49:07 AM | INFO | AUDIT: created new GET_CREDITS audit record | 
4/24/2021, 1:49:07 AM | INFO | AUDIT: created new GET_PATIENTS audit record | 
4/24/2021, 1:49:08 AM | INFO | AUDIT: created new GET_ALL_SCAN_HISTORY audit record | 
4/24/2021, 1:49:19 AM | INFO | AUDIT: created new CREATE_NEW_SCAN audit record | 
4/29/2021, 5:52:43 PM | INFO | AUDIT: created new RESEND_VERFICATION_EMAIL audit record | 
4/29/2021, 6:02:47 PM | INFO | AUDIT: created new RESEND_VERFICATION_EMAIL audit record | 
4/29/2021, 6:59:37 PM | INFO | AUDIT: created new GET_CREDITS audit record | 
4/29/2021, 7:29:22 PM | INFO | AUDIT: created new GET_CREDITS audit record | 
4/29/2021, 7:32:19 PM | INFO | AUDIT: created new GET_CREDITS audit record | 
4/29/2021, 7:33:50 PM | INFO | AUDIT: created new GET_CREDITS audit record | 
4/29/2021, 7:34:52 PM | INFO | AUDIT: created new GET_CREDITS audit record | 
4/29/2021, 7:43:56 PM | INFO | AUDIT: created new GET_CREDITS audit record | 
4/29/2021, 7:51:07 PM | INFO | AUDIT: created new GET_CREDITS audit record | 
4/29/2021, 7:53:05 PM | INFO | AUDIT: created new GET_CREDITS audit record | 
4/29/2021, 7:53:22 PM | INFO | AUDIT: created new GET_CREDITS audit record | 
4/29/2021, 7:53:44 PM | INFO | AUDIT: created new GET_CREDITS audit record | 
4/29/2021, 7:54:09 PM | INFO | AUDIT: created new GET_CREDITS audit record | 
4/29/2021, 7:54:26 PM | INFO | AUDIT: created new GET_CREDITS audit record | 
4/29/2021, 7:54:39 PM | INFO | AUDIT: created new GET_CREDITS audit record | 
4/29/2021, 7:55:03 PM | INFO | AUDIT: created new GET_CREDITS audit record | 
4/29/2021, 7:55:50 PM | INFO | AUDIT: created new GET_CREDITS audit record | 
4/29/2021, 7:55:59 PM | INFO | AUDIT: created new GET_CREDITS audit record | 
4/29/2021, 7:56:29 PM | INFO | AUDIT: created new GET_CREDITS audit record | 
4/29/2021, 7:56:55 PM | INFO | AUDIT: created new GET_CREDITS audit record | 
4/29/2021, 8:22:39 PM | INFO | AUDIT: created new GET_CREDITS audit record | 
4/29/2021, 8:24:48 PM | INFO | AUDIT: created new GET_CREDITS audit record | 
4/29/2021, 8:25:32 PM | INFO | AUDIT: created new GET_CREDITS audit record | 
4/29/2021, 8:26:04 PM | INFO | AUDIT: created new GET_CREDITS audit record | 
4/29/2021, 8:26:10 PM | INFO | AUDIT: created new GET_CREDITS audit record | 
4/29/2021, 8:26:30 PM | INFO | AUDIT: created new GET_CREDITS audit record | 
4/29/2021, 8:26:50 PM | INFO | AUDIT: created new GET_CREDITS audit record | 
4/29/2021, 8:35:09 PM | INFO | AUDIT: created new GET_CREDITS audit record | 
4/29/2021, 8:36:29 PM | INFO | AUDIT: created new GET_CREDITS audit record | 
4/29/2021, 8:37:06 PM | INFO | AUDIT: created new GET_CREDITS audit record | 
4/29/2021, 8:38:09 PM | INFO | AUDIT: created new GET_CREDITS audit record | 
4/29/2021, 8:38:14 PM | INFO | AUDIT: created new GET_CREDITS audit record | 
4/29/2021, 8:38:26 PM | INFO | AUDIT: created new GET_CREDITS audit record | 
4/29/2021, 8:40:29 PM | INFO | AUDIT: created new GET_CREDITS audit record | 
4/29/2021, 8:40:35 PM | INFO | AUDIT: created new GET_CREDITS audit record | 
4/29/2021, 8:41:09 PM | INFO | AUDIT: created new GET_CREDITS audit record | 
4/29/2021, 8:43:24 PM | INFO | AUDIT: created new GET_CREDITS audit record | 
4/29/2021, 8:43:30 PM | INFO | AUDIT: created new GET_CREDITS audit record | 
4/29/2021, 8:44:54 PM | INFO | AUDIT: created new GET_CREDITS audit record | 
4/29/2021, 8:45:08 PM | INFO | AUDIT: created new GET_CREDITS audit record | 
4/29/2021, 8:46:19 PM | INFO | AUDIT: created new GET_CREDITS audit record | 
4/29/2021, 8:46:45 PM | INFO | AUDIT: created new GET_CREDITS audit record | 
4/29/2021, 9:00:24 PM | INFO | AUDIT: created new GET_CREDITS audit record | 
4/29/2021, 9:01:35 PM | INFO | AUDIT: created new GET_CREDITS audit record | 
4/29/2021, 11:58:25 PM | INFO | AUDIT: created new GET_CREDITS audit record | 
4/30/2021, 12:10:41 AM | INFO | AUDIT: created new GET_CREDITS audit record | 
4/30/2021, 12:10:42 AM | INFO | AUDIT: created new GET_CREDITS audit record | 
4/30/2021, 12:10:42 AM | INFO | AUDIT: created new GET_CREDITS audit record | 
4/30/2021, 12:18:00 AM | INFO | AUDIT: created new GET_CREDITS audit record | 
4/30/2021, 12:18:01 AM | INFO | AUDIT: created new GET_CREDITS audit record | 
4/30/2021, 12:18:01 AM | INFO | AUDIT: created new GET_CREDITS audit record | 
4/30/2021, 12:18:06 AM | INFO | AUDIT: created new GET_CREDITS audit record | 
4/30/2021, 12:18:06 AM | INFO | AUDIT: created new GET_CREDITS audit record | 
4/30/2021, 12:18:07 AM | INFO | AUDIT: created new GET_CREDITS audit record | 
4/30/2021, 12:19:05 AM | INFO | AUDIT: created new GET_CREDITS audit record | 
4/30/2021, 12:19:06 AM | INFO | AUDIT: created new GET_CREDITS audit record | 
4/30/2021, 12:19:06 AM | INFO | AUDIT: created new GET_CREDITS audit record | 
4/30/2021, 12:19:22 AM | INFO | AUDIT: created new GET_CREDITS audit record | 
4/30/2021, 12:19:26 AM | INFO | AUDIT: created new GET_CREDITS audit record | 
4/30/2021, 12:19:26 AM | INFO | AUDIT: created new GET_CREDITS audit record | 
4/30/2021, 12:19:27 AM | INFO | AUDIT: created new GET_CREDITS audit record | 
4/30/2021, 12:19:41 AM | INFO | AUDIT: created new GET_CREDITS audit record | 
4/30/2021, 12:19:49 AM | INFO | AUDIT: created new GET_CREDITS audit record | 
4/30/2021, 12:20:01 AM | INFO | AUDIT: created new GET_CREDITS audit record | 
4/30/2021, 12:21:50 AM | INFO | AUDIT: created new GET_CREDITS audit record | 
4/30/2021, 12:26:54 AM | INFO | AUDIT: created new GET_CREDITS audit record | 
4/30/2021, 12:27:20 AM | INFO | AUDIT: created new GET_CREDITS audit record | 
4/30/2021, 12:27:32 AM | INFO | AUDIT: created new GET_CREDITS audit record | 
4/30/2021, 6:11:49 AM | INFO | AUDIT: created new GET_CREDITS audit record | 
4/30/2021, 6:20:23 AM | INFO | AUDIT: created new GET_CREDITS audit record | 
4/30/2021, 6:24:14 AM | INFO | AUDIT: created new GET_CREDITS audit record | 
4/30/2021, 6:28:19 AM | INFO | AUDIT: created new GET_CREDITS audit record | 
4/30/2021, 6:28:47 AM | INFO | AUDIT: created new GET_CREDITS audit record | 
4/30/2021, 6:29:43 AM | INFO | AUDIT: created new GET_CREDITS audit record | 
4/30/2021, 6:30:53 AM | INFO | AUDIT: created new GET_CREDITS audit record | 
4/30/2021, 6:43:29 AM | INFO | AUDIT: created new GET_CREDITS audit record | 
4/30/2021, 6:58:20 AM | INFO | AUDIT: created new GET_CREDITS audit record | 
4/30/2021, 7:07:15 AM | INFO | AUDIT: created new GET_CREDITS audit record | 
4/30/2021, 7:12:12 AM | INFO | AUDIT: created new GET_CREDITS audit record | 
4/30/2021, 7:41:56 AM | INFO | AUDIT: created new GET_CREDITS audit record | 
4/30/2021, 7:42:06 AM | INFO | AUDIT: created new GET_CREDITS audit record | 
4/30/2021, 7:42:40 AM | INFO | AUDIT: created new GET_CREDITS audit record | 
4/30/2021, 7:47:53 AM | INFO | AUDIT: created new GET_CREDITS audit record | 
4/30/2021, 7:48:32 AM | INFO | AUDIT: created new GET_CREDITS audit record | 
4/30/2021, 7:57:19 AM | INFO | AUDIT: created new GET_CREDITS audit record | 
4/30/2021, 7:57:39 AM | INFO | AUDIT: created new GET_CREDITS audit record | 
4/30/2021, 7:59:50 AM | INFO | AUDIT: created new GET_PATIENTS audit record | 
4/30/2021, 8:00:07 AM | INFO | AUDIT: created new GET_PATIENTS audit record | 
4/30/2021, 8:00:19 AM | INFO | AUDIT: created new GET_PATIENTS audit record | 
4/30/2021, 8:00:51 AM | INFO | AUDIT: created new GET_CREDITS audit record | 
4/30/2021, 8:00:51 AM | INFO | AUDIT: created new GET_PATIENTS audit record | 
4/30/2021, 8:02:35 AM | INFO | AUDIT: created new GET_PATIENTS audit record | 
4/30/2021, 8:03:04 AM | INFO | AUDIT: created new GET_PATIENTS audit record | 
4/30/2021, 8:03:11 AM | INFO | AUDIT: created new GET_PATIENTS audit record | 
4/30/2021, 8:04:32 AM | INFO | AUDIT: created new CREATE_PATIENT audit record | 
4/30/2021, 8:04:42 AM | INFO | AUDIT: created new CREATE_PATIENT audit record | 
4/30/2021, 8:04:46 AM | INFO | AUDIT: created new GET_CREDITS audit record | 
4/30/2021, 8:04:47 AM | INFO | AUDIT: created new GET_PATIENTS audit record | 
4/30/2021, 8:05:38 AM | INFO | AUDIT: created new GET_PATIENTS audit record | 
4/30/2021, 8:05:49 AM | INFO | AUDIT: created new GET_PATIENTS audit record | 
4/30/2021, 8:06:33 AM | INFO | AUDIT: created new GET_PATIENTS audit record | 
4/30/2021, 8:10:33 AM | INFO | AUDIT: created new GET_PATIENTS audit record | 
4/30/2021, 8:10:49 AM | INFO | AUDIT: created new GET_PATIENTS audit record | 
4/30/2021, 8:10:58 AM | INFO | AUDIT: created new GET_PATIENTS audit record | 
4/30/2021, 8:11:12 AM | INFO | AUDIT: created new GET_PATIENTS audit record | 
4/30/2021, 8:11:17 AM | INFO | AUDIT: created new GET_PATIENTS audit record | 
4/30/2021, 8:13:17 AM | INFO | AUDIT: created new GET_PATIENTS audit record | 
4/30/2021, 8:13:52 AM | INFO | AUDIT: created new GET_PATIENTS audit record | 
4/30/2021, 8:15:16 AM | INFO | AUDIT: created new GET_PATIENTS audit record | 
4/30/2021, 8:15:37 AM | INFO | AUDIT: created new GET_PATIENTS audit record | 
4/30/2021, 8:17:17 AM | INFO | AUDIT: created new GET_PATIENTS audit record | 
4/30/2021, 8:17:29 AM | INFO | AUDIT: created new GET_PATIENTS audit record | 
4/30/2021, 8:17:46 AM | INFO | AUDIT: created new GET_PATIENTS audit record | 
4/30/2021, 8:19:18 AM | INFO | AUDIT: created new GET_PATIENTS audit record | 
4/30/2021, 8:19:31 AM | INFO | AUDIT: created new GET_PATIENTS audit record | 
4/30/2021, 8:19:38 AM | INFO | AUDIT: created new GET_CREDITS audit record | 
4/30/2021, 8:19:39 AM | INFO | AUDIT: created new GET_PATIENTS audit record | 
4/30/2021, 8:20:09 AM | INFO | AUDIT: created new GET_PATIENTS audit record | 
4/30/2021, 8:21:57 AM | INFO | AUDIT: created new GET_PATIENTS audit record | 
4/30/2021, 8:27:54 AM | INFO | AUDIT: created new GET_PATIENTS audit record | 
4/30/2021, 8:38:25 AM | INFO | AUDIT: created new GET_CREDITS audit record | 
4/30/2021, 8:40:29 AM | INFO | AUDIT: created new GET_PATIENTS audit record | 
4/30/2021, 8:40:30 AM | INFO | AUDIT: created new GET_PATIENTS audit record | 
4/30/2021, 8:40:34 AM | INFO | AUDIT: created new GET_CREDITS audit record | 
4/30/2021, 8:41:09 AM | INFO | AUDIT: created new GET_PATIENTS audit record | 
4/30/2021, 8:41:10 AM | INFO | AUDIT: created new GET_PATIENTS audit record | 
4/30/2021, 8:41:14 AM | INFO | AUDIT: created new GET_CREDITS audit record | 
4/30/2021, 8:42:55 AM | INFO | AUDIT: created new GET_CREDITS audit record | 
4/30/2021, 8:43:04 AM | INFO | AUDIT: created new GET_CREDITS audit record | 
4/30/2021, 8:43:24 AM | INFO | AUDIT: created new GET_PATIENTS audit record | 
4/30/2021, 8:43:24 AM | INFO | AUDIT: created new GET_PATIENTS audit record | 
4/30/2021, 8:43:27 AM | INFO | AUDIT: created new GET_CREDITS audit record | 
4/30/2021, 8:43:56 AM | INFO | AUDIT: created new GET_PATIENTS audit record | 
4/30/2021, 8:43:57 AM | INFO | AUDIT: created new GET_PATIENTS audit record | 
4/30/2021, 8:44:20 AM | INFO | AUDIT: created new GET_CREDITS audit record | 
4/30/2021, 8:44:32 AM | INFO | AUDIT: created new GET_PATIENTS audit record | 
4/30/2021, 8:44:33 AM | INFO | AUDIT: created new GET_PATIENTS audit record | 
4/30/2021, 8:44:38 AM | INFO | AUDIT: created new GET_CREDITS audit record | 
4/30/2021, 8:45:19 AM | INFO | AUDIT: created new GET_PATIENTS audit record | 
4/30/2021, 8:45:20 AM | INFO | AUDIT: created new GET_PATIENTS audit record | 
4/30/2021, 8:45:23 AM | INFO | AUDIT: created new GET_CREDITS audit record | 
4/30/2021, 8:48:55 AM | INFO | AUDIT: created new GET_PATIENTS audit record | 
4/30/2021, 8:48:56 AM | INFO | AUDIT: created new GET_PATIENTS audit record | 
4/30/2021, 8:49:20 AM | INFO | AUDIT: created new GET_CREDITS audit record | 
4/30/2021, 8:49:24 AM | INFO | AUDIT: created new GET_PATIENTS audit record | 
4/30/2021, 8:49:27 AM | INFO | AUDIT: created new GET_PATIENTS audit record | 
4/30/2021, 8:49:53 AM | INFO | AUDIT: created new GET_PATIENTS audit record | 
4/30/2021, 8:50:09 AM | INFO | AUDIT: created new GET_PATIENTS audit record | 
4/30/2021, 8:52:55 AM | INFO | AUDIT: created new GET_CREDITS audit record | 
4/30/2021, 8:53:18 AM | INFO | AUDIT: created new GET_CREDITS audit record | 
4/30/2021, 8:53:24 AM | INFO | AUDIT: created new GET_PATIENTS audit record | 
4/30/2021, 8:54:04 AM | INFO | AUDIT: created new GET_PATIENTS audit record | 
4/30/2021, 8:54:14 AM | INFO | AUDIT: created new GET_PATIENTS audit record | 
4/30/2021, 8:54:21 AM | INFO | AUDIT: created new GET_CREDITS audit record | 
4/30/2021, 8:54:48 AM | INFO | AUDIT: created new GET_PATIENTS audit record | 
4/30/2021, 8:55:28 AM | INFO | AUDIT: created new GET_PATIENTS audit record | 
4/30/2021, 8:55:59 AM | INFO | AUDIT: created new GET_PATIENTS audit record | 
4/30/2021, 8:56:09 AM | INFO | AUDIT: created new GET_CREDITS audit record | 
4/30/2021, 8:56:15 AM | INFO | AUDIT: created new GET_PATIENTS audit record | 
4/30/2021, 8:56:15 AM | INFO | AUDIT: created new GET_PATIENTS audit record | 
4/30/2021, 8:56:16 AM | INFO | AUDIT: created new GET_PATIENTS audit record | 
4/30/2021, 8:56:16 AM | INFO | AUDIT: created new GET_PATIENTS audit record | 
4/30/2021, 8:56:17 AM | INFO | AUDIT: created new GET_PATIENTS audit record | 
4/30/2021, 8:56:17 AM | INFO | AUDIT: created new GET_PATIENTS audit record | 
4/30/2021, 8:56:17 AM | INFO | AUDIT: created new GET_PATIENTS audit record | 
4/30/2021, 8:56:18 AM | INFO | AUDIT: created new GET_PATIENTS audit record | 
4/30/2021, 8:56:18 AM | INFO | AUDIT: created new GET_PATIENTS audit record | 
4/30/2021, 8:56:18 AM | INFO | AUDIT: created new GET_PATIENTS audit record | 
4/30/2021, 8:56:19 AM | INFO | AUDIT: created new GET_PATIENTS audit record | 
4/30/2021, 8:56:19 AM | INFO | AUDIT: created new GET_PATIENTS audit record | 
4/30/2021, 8:56:19 AM | INFO | AUDIT: created new GET_PATIENTS audit record | 
4/30/2021, 8:56:20 AM | INFO | AUDIT: created new GET_PATIENTS audit record | 
4/30/2021, 8:56:20 AM | INFO | AUDIT: created new GET_PATIENTS audit record | 
4/30/2021, 8:56:21 AM | INFO | AUDIT: created new GET_PATIENTS audit record | 
4/30/2021, 8:56:21 AM | INFO | AUDIT: created new GET_PATIENTS audit record | 
4/30/2021, 8:56:21 AM | INFO | AUDIT: created new GET_PATIENTS audit record | 
4/30/2021, 8:56:22 AM | INFO | AUDIT: created new GET_PATIENTS audit record | 
4/30/2021, 8:56:22 AM | INFO | AUDIT: created new GET_PATIENTS audit record | 
4/30/2021, 8:56:23 AM | INFO | AUDIT: created new GET_PATIENTS audit record | 
4/30/2021, 8:56:23 AM | INFO | AUDIT: created new GET_PATIENTS audit record | 
4/30/2021, 8:56:23 AM | INFO | AUDIT: created new GET_PATIENTS audit record | 
4/30/2021, 8:56:24 AM | INFO | AUDIT: created new GET_PATIENTS audit record | 
4/30/2021, 8:56:24 AM | INFO | AUDIT: created new GET_PATIENTS audit record | 
4/30/2021, 8:56:24 AM | INFO | AUDIT: created new GET_PATIENTS audit record | 
4/30/2021, 8:56:25 AM | INFO | AUDIT: created new GET_PATIENTS audit record | 
4/30/2021, 8:56:25 AM | INFO | AUDIT: created new GET_PATIENTS audit record | 
4/30/2021, 8:56:25 AM | INFO | AUDIT: created new GET_PATIENTS audit record | 
4/30/2021, 8:56:26 AM | INFO | AUDIT: created new GET_PATIENTS audit record | 
4/30/2021, 8:56:26 AM | INFO | AUDIT: created new GET_PATIENTS audit record | 
4/30/2021, 8:56:26 AM | INFO | AUDIT: created new GET_PATIENTS audit record | 
4/30/2021, 8:58:11 AM | INFO | AUDIT: created new GET_CREDITS audit record | 
4/30/2021, 8:58:23 AM | INFO | AUDIT: created new GET_CREDITS audit record | 
4/30/2021, 8:58:38 AM | INFO | AUDIT: created new GET_PATIENTS audit record | 
4/30/2021, 8:58:39 AM | INFO | AUDIT: created new GET_PATIENTS audit record | 
4/30/2021, 8:58:39 AM | INFO | AUDIT: created new GET_PATIENTS audit record | 
4/30/2021, 8:58:39 AM | INFO | AUDIT: created new GET_PATIENTS audit record | 
4/30/2021, 8:58:40 AM | INFO | AUDIT: created new GET_PATIENTS audit record | 
4/30/2021, 8:58:40 AM | INFO | AUDIT: created new GET_PATIENTS audit record | 
4/30/2021, 8:58:40 AM | INFO | AUDIT: created new GET_PATIENTS audit record | 
4/30/2021, 8:58:41 AM | INFO | AUDIT: created new GET_PATIENTS audit record | 
4/30/2021, 8:58:41 AM | INFO | AUDIT: created new GET_PATIENTS audit record | 
4/30/2021, 8:58:41 AM | INFO | AUDIT: created new GET_PATIENTS audit record | 
4/30/2021, 8:58:42 AM | INFO | AUDIT: created new GET_PATIENTS audit record | 
4/30/2021, 8:58:42 AM | INFO | AUDIT: created new GET_PATIENTS audit record | 
4/30/2021, 8:58:42 AM | INFO | AUDIT: created new GET_PATIENTS audit record | 
4/30/2021, 8:58:43 AM | INFO | AUDIT: created new GET_PATIENTS audit record | 
4/30/2021, 8:58:43 AM | INFO | AUDIT: created new GET_PATIENTS audit record | 
4/30/2021, 8:58:44 AM | INFO | AUDIT: created new GET_PATIENTS audit record | 
4/30/2021, 8:58:44 AM | INFO | AUDIT: created new GET_PATIENTS audit record | 
4/30/2021, 8:58:44 AM | INFO | AUDIT: created new GET_PATIENTS audit record | 
4/30/2021, 8:58:45 AM | INFO | AUDIT: created new GET_PATIENTS audit record | 
4/30/2021, 8:58:45 AM | INFO | AUDIT: created new GET_PATIENTS audit record | 
4/30/2021, 8:58:45 AM | INFO | AUDIT: created new GET_PATIENTS audit record | 
4/30/2021, 8:58:46 AM | INFO | AUDIT: created new GET_PATIENTS audit record | 
4/30/2021, 8:58:46 AM | INFO | AUDIT: created new GET_PATIENTS audit record | 
4/30/2021, 8:58:46 AM | INFO | AUDIT: created new GET_PATIENTS audit record | 
4/30/2021, 8:58:47 AM | INFO | AUDIT: created new GET_PATIENTS audit record | 
4/30/2021, 9:00:50 AM | INFO | AUDIT: created new GET_CREDITS audit record | 
4/30/2021, 9:01:58 AM | INFO | AUDIT: created new GET_PATIENTS audit record | 
4/30/2021, 9:01:59 AM | INFO | AUDIT: created new GET_PATIENTS audit record | 
4/30/2021, 9:02:08 AM | INFO | AUDIT: created new GET_CREDITS audit record | 
4/30/2021, 9:02:09 AM | INFO | AUDIT: created new GET_PATIENTS audit record | 
4/30/2021, 9:07:15 AM | INFO | AUDIT: created new GET_PATIENTS audit record | 
4/30/2021, 9:08:11 AM | INFO | AUDIT: created new GET_PATIENTS audit record | 
4/30/2021, 9:08:16 AM | INFO | AUDIT: created new GET_CREDITS audit record | 
4/30/2021, 9:08:16 AM | INFO | AUDIT: created new GET_PATIENTS audit record | 
4/30/2021, 9:09:56 AM | INFO | AUDIT: created new GET_CREDITS audit record | 
4/30/2021, 9:09:56 AM | INFO | AUDIT: created new GET_PATIENTS audit record | 
4/30/2021, 9:11:28 AM | INFO | AUDIT: created new GET_PATIENTS audit record | 
4/30/2021, 9:11:48 AM | INFO | AUDIT: created new GET_PATIENTS audit record | 
4/30/2021, 9:12:41 AM | INFO | AUDIT: created new CREATE_PATIENT audit record | 
4/30/2021, 9:12:43 AM | INFO | AUDIT: created new CREATE_PATIENT audit record | 
4/30/2021, 9:12:45 AM | INFO | AUDIT: created new CREATE_PATIENT audit record | 
4/30/2021, 9:12:46 AM | INFO | AUDIT: created new CREATE_PATIENT audit record | 
4/30/2021, 9:12:47 AM | INFO | AUDIT: created new CREATE_PATIENT audit record | 
4/30/2021, 9:12:47 AM | INFO | AUDIT: created new CREATE_PATIENT audit record | 
4/30/2021, 9:12:48 AM | INFO | AUDIT: created new CREATE_PATIENT audit record | 
4/30/2021, 9:12:49 AM | INFO | AUDIT: created new CREATE_PATIENT audit record | 
4/30/2021, 9:12:53 AM | INFO | AUDIT: created new CREATE_PATIENT audit record | 
4/30/2021, 9:12:54 AM | INFO | AUDIT: created new CREATE_PATIENT audit record | 
4/30/2021, 9:12:54 AM | INFO | AUDIT: created new CREATE_PATIENT audit record | 
4/30/2021, 9:12:55 AM | INFO | AUDIT: created new CREATE_PATIENT audit record | 
4/30/2021, 9:12:56 AM | INFO | AUDIT: created new CREATE_PATIENT audit record | 
4/30/2021, 9:12:57 AM | INFO | AUDIT: created new CREATE_PATIENT audit record | 
4/30/2021, 9:12:58 AM | INFO | AUDIT: created new CREATE_PATIENT audit record | 
4/30/2021, 9:12:59 AM | INFO | AUDIT: created new CREATE_PATIENT audit record | 
4/30/2021, 9:13:00 AM | INFO | AUDIT: created new CREATE_PATIENT audit record | 
4/30/2021, 9:13:04 AM | INFO | AUDIT: created new GET_CREDITS audit record | 
4/30/2021, 9:13:04 AM | INFO | AUDIT: created new GET_PATIENTS audit record | 
4/30/2021, 9:18:34 AM | INFO | AUDIT: created new GET_PATIENTS audit record | 
4/30/2021, 9:19:25 AM | INFO | AUDIT: created new GET_PATIENTS audit record | 
4/30/2021, 9:19:39 AM | INFO | AUDIT: created new GET_PATIENTS audit record | 
4/30/2021, 9:19:54 AM | INFO | AUDIT: created new GET_PATIENTS audit record | 
4/30/2021, 9:20:12 AM | INFO | AUDIT: created new GET_PATIENTS audit record | 
4/30/2021, 9:20:28 AM | INFO | AUDIT: created new GET_PATIENTS audit record | 
4/30/2021, 9:21:14 AM | INFO | AUDIT: created new GET_PATIENTS audit record | 
4/30/2021, 9:21:23 AM | INFO | AUDIT: created new GET_CREDITS audit record | 
4/30/2021, 9:21:25 AM | INFO | AUDIT: created new GET_PATIENTS audit record | 
4/30/2021, 9:26:07 AM | INFO | AUDIT: created new GET_PATIENTS audit record | 
4/30/2021, 9:26:14 AM | INFO | AUDIT: created new GET_PATIENTS audit record | 
4/30/2021, 9:26:27 AM | INFO | AUDIT: created new GET_PATIENTS audit record | 
