4/21/2021, 11:07:28 PM | INFO | PATIENT: retreived all patients for user with email address ash | 
4/21/2021, 11:10:54 PM | ERROR | PATIENT: error creating new patient [object Object] for user with email address ash | data "patient validation failed: fname: Path `fname` is required., lname: Path `lname` is required., age: Path `age` is required." | 
4/21/2021, 11:12:08 PM | ERROR | PATIENT: error trying to get patient with id e96583e2-6f1b-444e-aef5-c233b5565cec for user with email address ash | data "Unauthorized Access" | 
4/21/2021, 11:14:21 PM | ERROR | PATIENT: error trying to update patient with id e96583e2-6f1b-444e-aef5-c233b5565cec | data "Unauthorized Access" | 
4/21/2021, 11:14:56 PM | INFO | PATIENT: created new patient for user with email address ash | data {"_doctorId":"523c9221-f1d0-4877-8775-4a0a26d795ce","fname":"Omar","lname":"Hamed","age":22,"gender":"male","_id":"8ce6c8bf-57bf-4874-80d6-7299ae86badc","createdAt":"2021-04-21T21:14:56.092Z","updatedAt":"2021-04-21T21:14:56.092Z","__v":0} | 
4/21/2021, 11:17:09 PM | ERROR | PATIENT: error trying to remove patient with id e96583e2-6f1b-444e-aef5-c233b5565cec | data "Unauthorized Access" | 
4/21/2021, 11:18:39 PM | INFO | PATIENT: retrieved patient history with id e96583e2-6f1b-444e-aef5-c233b5565cec for user with email address ash | 
4/21/2021, 11:18:50 PM | ERROR | PATIENT: error trying to get patient with id e96583e2-6f1b-444e-aef5-c233b5565cec for user with email address ash | data "Unauthorized Access" | 
4/21/2021, 11:19:22 PM | INFO | PATIENT: retrieved patient history with id e96583e2-6f1b-444e-aef5-c233b5565cec for user with email address ash | 
4/21/2021, 11:20:36 PM | INFO | PATIENT: retrieved patient history with id e96583e2-6f1b-444e-aef5-c233b5565cec for user with email address ash | 
4/21/2021, 11:22:53 PM | ERROR | PATIENT: error trying get patient history with id e96583e2-6f1b-444e-aef5-c233b5565cec for user with email address ash | data "Unauthorized Access" | 
4/21/2021, 11:23:13 PM | INFO | PATIENT: retreived all patients for user with email address ash | 
4/21/2021, 11:23:23 PM | ERROR | PATIENT: error trying get patient history with id 8ce6c8bf-57bf-4874-80d6-7299ae86badc for user with email address ash | data "Cannot read property '_patientId' of undefined" | 
4/21/2021, 11:25:36 PM | ERROR | PATIENT: error trying get patient history with id 8ce6c8bf-57bf-4874-80d6-7299ae86badc for user with email address ash | data "Unauthorized Access" | 
4/21/2021, 11:25:55 PM | INFO | PATIENT: retrieved patient history with id 8ce6c8bf-57bf-4874-80d6-7299ae86badc for user with email address ash | 
4/21/2021, 11:26:25 PM | ERROR | PATIENT: error trying get patient history with id e96583e2-6f1b-444e-aef5-c233b5565cec for user with email address ash | data "Unauthorized Access" | 
4/21/2021, 11:26:35 PM | ERROR | PATIENT: error trying to remove patient history with id e96583e2-6f1b-444e-aef5-c233b5565cec for user with email address ash | data "Unauthorized Access" | 
4/21/2021, 11:26:46 PM | ERROR | PATIENT: error trying to remove patient history with id 8ce6c8bf-57bf-4874-80d6-7299ae86badc for user with email address ash | data "Cannot read property '_patientId' of undefined" | 
4/21/2021, 11:27:27 PM | ERROR | PATIENT: error trying to remove patient history with id 8ce6c8bf-57bf-4874-80d6-7299ae86badc for user with email address ash | data "history.remove is not a function" | 
4/21/2021, 11:29:31 PM | ERROR | PATIENT: error trying to remove patient history with id 8ce6c8bf-57bf-4874-80d6-7299ae86badc for user with email address ash | data "Assignment to constant variable." | 
4/21/2021, 11:29:52 PM | ERROR | PATIENT: error trying to remove patient history with id 8ce6c8bf-57bf-4874-80d6-7299ae86badc for user with email address ash | data "history.save is not a function" | 
4/21/2021, 11:30:45 PM | INFO | PATIENT: retrieved patient history with id 8ce6c8bf-57bf-4874-80d6-7299ae86badc for user with email address ash | 
4/21/2021, 11:31:24 PM | INFO | PATIENT: deleted patient with id 8ce6c8bf-57bf-4874-80d6-7299ae86badc for user with email address ash | 
4/21/2021, 11:31:31 PM | ERROR | PATIENT: error trying to get patient with id 8ce6c8bf-57bf-4874-80d6-7299ae86badc for user with email address ash | data "Patient not found" | 
4/21/2021, 11:31:43 PM | INFO | PATIENT: created new patient for user with email address ash | 
4/21/2021, 11:32:02 PM | INFO | PATIENT: retreived patient with id a5b57182-0c2e-497c-8f6b-c7607ba7bea4 for user with email address ash | 
4/21/2021, 11:32:17 PM | INFO | PATIENT: retrieved patient history with id a5b57182-0c2e-497c-8f6b-c7607ba7bea4 for user with email address ash | 
4/21/2021, 11:33:06 PM | INFO | PATIENT: retrieved patient history with id a5b57182-0c2e-497c-8f6b-c7607ba7bea4 for user with email address ash | 
4/21/2021, 11:33:12 PM | ERROR | PATIENT: error trying to remove patient history with id a5b57182-0c2e-497c-8f6b-c7607ba7bea4 for user with email address ash | data "history.save is not a function" | 
4/21/2021, 11:40:38 PM | INFO | PATIENT: retreived all patients for user with email address ash | 
4/21/2021, 11:40:50 PM | INFO | PATIENT: retrieved patient history with id a5b57182-0c2e-497c-8f6b-c7607ba7bea4 for user with email address ash | 
4/21/2021, 11:41:33 PM | INFO | PATIENT: retreived all patients for user with email address ash | 
4/21/2021, 11:42:23 PM | INFO | PATIENT: retreived patient with id a5b57182-0c2e-497c-8f6b-c7607ba7bea4 for user with email address ash | 
4/21/2021, 11:42:30 PM | INFO | PATIENT: retrieved patient history with id a5b57182-0c2e-497c-8f6b-c7607ba7bea4 for user with email address ash | 
4/22/2021, 1:28:59 AM | INFO | PATIENT: retreived all patients for user with email address deva4rf@gmail.com | 
4/22/2021, 1:29:54 AM | INFO | PATIENT: retreived all patients for user with email address deva4rf@gmail.com | 
4/22/2021, 1:30:51 AM | INFO | PATIENT: retreived all patients for user with email address deva4rf@gmail.com | 
4/22/2021, 1:59:48 AM | INFO | PATIENT: retreived all patients for user with email address deva4rf@gmail.com | 
4/22/2021, 7:16:34 PM | INFO | PATIENT: retreived all patients for user with email address deva4rf@gmail.com | 
4/22/2021, 7:17:30 PM | ERROR | PATIENT: error creating new patient for user with email address deva4rf@gmail.com | data "patient validation failed: fname: Path `fname` is required., lname: Path `lname` is required." | 
4/22/2021, 7:18:18 PM | INFO | PATIENT: created new patient for user with email address deva4rf@gmail.com | 
4/22/2021, 7:18:44 PM | INFO | PATIENT: retreived patient with id 9458471f-deee-4e0c-a461-cd35cf3dfcd2 for user with email address deva4rf@gmail.com | 
4/22/2021, 7:19:03 PM | INFO | PATIENT: updated patient with id 9458471f-deee-4e0c-a461-cd35cf3dfcd2 for user with email address deva4rf@gmail.com | 
4/22/2021, 7:19:17 PM | INFO | PATIENT: updated patient with id 9458471f-deee-4e0c-a461-cd35cf3dfcd2 for user with email address deva4rf@gmail.com | 
4/22/2021, 7:19:34 PM | INFO | PATIENT: deleted patient with id 9458471f-deee-4e0c-a461-cd35cf3dfcd2 for user with email address deva4rf@gmail.com | 
4/22/2021, 7:19:39 PM | ERROR | PATIENT: error trying to get patient with id 9458471f-deee-4e0c-a461-cd35cf3dfcd2 for user with email address deva4rf@gmail.com | data "Patient not found" | 
4/22/2021, 7:19:56 PM | INFO | PATIENT: created new patient for user with email address deva4rf@gmail.com | 
4/22/2021, 7:20:08 PM | INFO | PATIENT: retrieved patient history with id ac8e46ee-d73b-4384-ba30-e3f084cebf8e for user with email address deva4rf@gmail.com | 
4/22/2021, 7:20:21 PM | INFO | PATIENT: retrieved patient history with id <ee-d73b-4384-ba30-e3f084cebf8e for user with email address deva4rf@gmail.com | 
4/22/2021, 7:20:29 PM | INFO | PATIENT: retrieved patient history with id <$$$8e for user with email address deva4rf@gmail.com | 
4/22/2021, 7:39:41 PM | INFO | PATIENT: retreived all patients for user with email address deva4rf@gmail.com | 
4/22/2021, 7:41:25 PM | INFO | PATIENT: retreived all patients for user with email address deva4rf@gmail.com | 
4/23/2021, 11:59:27 PM | INFO | PATIENT: retreived all patients for user with email address deva4rf@gmail.com | 
4/24/2021, 12:07:08 AM | INFO | PATIENT: created new patient for user with email address deva4rf@gmail.com | 
4/24/2021, 12:09:26 AM | INFO | PATIENT: created new patient for user with email address deva4rf@gmail.com | 
4/24/2021, 12:15:39 AM | ERROR | PATIENT: error trying to get patient with id 323f324-a5e7-49a0-ac4c-3abda22c30f6 for user with email address deva4rf@gmail.com | data "Patient not found" | 
4/24/2021, 12:19:24 AM | ERROR | PATIENT: error trying to get patient with id 323f9324-a5e7-49a0-ac4c-3abda22c30f6 for user with email address deva4rf@gmail.com | data "Patient not found" | 
4/24/2021, 12:19:30 AM | INFO | PATIENT: retreived all patients for user with email address deva4rf@gmail.com | 
4/24/2021, 12:19:39 AM | INFO | PATIENT: retreived patient with id ac8e46ee-d73b-4384-ba30-e3f084cebf8e for user with email address deva4rf@gmail.com | 
4/24/2021, 12:24:21 AM | INFO | PATIENT: retrieved patient history with id ac8e46ee-d73b-4384-ba30-e3f084cebf8e for user with email address deva4rf@gmail.com | 
4/24/2021, 12:26:46 AM | INFO | PATIENT: retrieved patient history with id ac8e46ee-d73b-4384-ba30-e3f84cebf8e for user with email address deva4rf@gmail.com | 
4/24/2021, 12:26:51 AM | INFO | PATIENT: retrieved patient history with id ac8e46ee-d73b-4384-ba30-e3f84cef8e for user with email address deva4rf@gmail.com | 
4/24/2021, 12:26:55 AM | INFO | PATIENT: retrieved patient history with id ac8e46ee-d73b-4384-ba30-e3f84cef8e for user with email address deva4rf@gmail.com | 
4/24/2021, 12:26:58 AM | INFO | PATIENT: retrieved patient history with id ac8e46ee-d73b-4384-b30-e3f84cef8e for user with email address deva4rf@gmail.com | 
4/24/2021, 12:27:03 AM | INFO | PATIENT: retrieved patient history with id ac8eee-d73b-4384-b30-e3f84cef8e for user with email address deva4rf@gmail.com | 
4/24/2021, 12:27:19 AM | INFO | PATIENT: retrieved patient history with id ac8eee-d73b-43e for user with email address deva4rf@gmail.com | 
4/24/2021, 12:28:15 AM | ERROR | PATIENT: error trying to get patient with id ac8eee-d73b-43e for user with email address deva4rf@gmail.com | data "Patient not found" | 
4/24/2021, 12:28:23 AM | INFO | PATIENT: retrieved patient history with id ac8eee-d73b-43e for user with email address deva4rf@gmail.com | 
4/24/2021, 12:29:05 AM | INFO | PATIENT: retrieved patient history with id ac8eee-d73b-43e for user with email address deva4rf@gmail.com | 
4/24/2021, 12:30:57 AM | ERROR | PATIENT: error trying get patient history with id ac8eee-d73b-43e for user with email address deva4rf@gmail.com | data "Patient not found" | 
4/24/2021, 12:31:45 AM | INFO | PATIENT: retreived all patients for user with email address deva4rf@gmail.com | 
4/24/2021, 12:31:54 AM | INFO | PATIENT: retrieved patient history with id ac8e46ee-d73b-4384-ba30-e3f084cebf8e for user with email address deva4rf@gmail.com | 
4/24/2021, 12:38:25 AM | ERROR | PATIENT: error trying to remove patient history with id ac8e46ee-d73b-4384-ba30-e3f084cebf8e for user with email address deva4rf@gmail.com | data "No history records" | 
4/24/2021, 12:38:44 AM | ERROR | PATIENT: error trying to remove patient history with id ac8e46ee-d73b384-ba30-e3f084cebf8e for user with email address deva4rf@gmail.com | data "No history records" | 
4/24/2021, 12:39:30 AM | ERROR | PATIENT: error trying to remove patient history with id ac8e46ee-d73b384-ba30-e3f084cebf8e for user with email address deva4rf@gmail.com | data "Patient not found" | 
4/24/2021, 12:39:38 AM | ERROR | PATIENT: error trying to remove patient history with id ac8e46ee-d73b-4384-ba30-e3f084cebf8e for user with email address deva4rf@gmail.com | data "No history records" | 
4/24/2021, 12:43:56 AM | ERROR | PATIENT: error trying to remove patient with id ac8e46ee-d73b-4384-ba30-e3084cebf8e | data "Patient not found" | 
4/24/2021, 12:44:00 AM | INFO | PATIENT: deleted patient with id ac8e46ee-d73b-4384-ba30-e3f084cebf8e for user with email address deva4rf@gmail.com | 
4/24/2021, 12:50:36 AM | INFO | PATIENT: retreived all patients for user with email address deva4rf@gmail.com | 
4/24/2021, 12:50:56 AM | INFO | PATIENT: retreived patient with id 38f7d10b-b5a1-46e7-a5d1-2fd1a73eabb1 for user with email address deva4rf@gmail.com | 
4/24/2021, 12:51:04 AM | INFO | PATIENT: deleted patient with id 38f7d10b-b5a1-46e7-a5d1-2fd1a73eabb1 for user with email address deva4rf@gmail.com | 
4/24/2021, 12:51:08 AM | ERROR | PATIENT: error trying to get patient with id 38f7d10b-b5a1-46e7-a5d1-2fd1a73eabb1 for user with email address deva4rf@gmail.com | data "Patient not found" | 
4/24/2021, 12:51:13 AM | INFO | PATIENT: retreived all patients for user with email address deva4rf@gmail.com | 
4/24/2021, 12:51:26 AM | INFO | PATIENT: updated patient with id 10d53d58-a993-4284-97e5-302c672bbb7e for user with email address deva4rf@gmail.com | 
4/24/2021, 12:53:17 AM | INFO | PATIENT: updated patient with id 10d53d58-a993-4284-97e5-302c672bbb7e for user with email address deva4rf@gmail.com | 
4/24/2021, 12:53:47 AM | INFO | PATIENT: updated patient with id 10d53d58-a993-4284-97e5-302c672bbb7e for user with email address deva4rf@gmail.com | 
4/24/2021, 12:54:21 AM | INFO | PATIENT: updated patient with id 10d53d58-a993-4284-97e5-302c672bbb7e for user with email address deva4rf@gmail.com | 
4/24/2021, 1:02:45 AM | ERROR | PATIENT: error trying to update patient with id 10d53d58-a993-4284-97e5-302c672bbb7e | data "Please choose at least one property to update" | 
4/24/2021, 1:04:00 AM | INFO | PATIENT: updated patient with id 10d53d58-a993-4284-97e5-302c672bbb7e for user with email address deva4rf@gmail.com | 
4/24/2021, 1:04:49 AM | INFO | PATIENT: updated patient with id 10d53d58-a993-4284-97e5-302c672bbb7e for user with email address deva4rf@gmail.com | 
4/24/2021, 1:42:28 AM | INFO | PATIENT: retreived all patients for user with email address deva4rf@gmail.com | 
4/24/2021, 1:42:29 AM | INFO | PATIENT: retrieved patient history with id 10d53d58-a993-4284-97e5-302c672bbb7e for user with email address deva4rf@gmail.com | 
4/24/2021, 1:44:59 AM | INFO | PATIENT: retreived all patients for user with email address deva4rf@gmail.com | 
4/24/2021, 1:45:00 AM | INFO | PATIENT: retrieved patient history with id 10d53d58-a993-4284-97e5-302c672bbb7e for user with email address deva4rf@gmail.com | 
4/24/2021, 1:46:47 AM | INFO | PATIENT: retrieved patient history with id 10d53d58-a993-4284-97e5-302c672bbb7e for user with email address deva4rf@gmail.com | 
4/24/2021, 1:49:07 AM | INFO | PATIENT: retreived all patients for user with email address deva4rf@gmail.com | 
4/24/2021, 1:49:08 AM | INFO | PATIENT: retrieved patient history with id 10d53d58-a993-4284-97e5-302c672bbb7e for user with email address deva4rf@gmail.com | 
4/30/2021, 7:59:50 AM | INFO | PATIENT: retreived all patients for user with email address deva4rf@gmail.com | 
4/30/2021, 8:00:07 AM | INFO | PATIENT: retreived all patients for user with email address deva4rf@gmail.com | 
4/30/2021, 8:00:19 AM | INFO | PATIENT: retreived all patients for user with email address deva4rf@gmail.com | 
4/30/2021, 8:00:51 AM | INFO | PATIENT: retreived all patients for user with email address deva4rf@gmail.com | 
4/30/2021, 8:02:35 AM | INFO | PATIENT: retreived all patients for user with email address deva4rf@gmail.com | 
4/30/2021, 8:03:04 AM | INFO | PATIENT: retreived all patients for user with email address deva4rf@gmail.com | 
4/30/2021, 8:03:11 AM | INFO | PATIENT: retreived all patients for user with email address deva4rf@gmail.com | 
4/30/2021, 8:04:31 AM | INFO | PATIENT: created new patient for user with email address deva4rf@gmail.com | 
4/30/2021, 8:04:42 AM | INFO | PATIENT: created new patient for user with email address deva4rf@gmail.com | 
4/30/2021, 8:04:47 AM | INFO | PATIENT: retreived all patients for user with email address deva4rf@gmail.com | 
4/30/2021, 8:05:38 AM | INFO | PATIENT: retreived all patients for user with email address deva4rf@gmail.com | 
4/30/2021, 8:05:49 AM | INFO | PATIENT: retreived all patients for user with email address deva4rf@gmail.com | 
4/30/2021, 8:06:33 AM | INFO | PATIENT: retreived all patients for user with email address deva4rf@gmail.com | 
4/30/2021, 8:10:33 AM | INFO | PATIENT: retreived all patients for user with email address deva4rf@gmail.com | 
4/30/2021, 8:10:49 AM | INFO | PATIENT: retreived all patients for user with email address deva4rf@gmail.com | 
4/30/2021, 8:10:58 AM | INFO | PATIENT: retreived all patients for user with email address deva4rf@gmail.com | 
4/30/2021, 8:11:12 AM | INFO | PATIENT: retreived all patients for user with email address deva4rf@gmail.com | 
4/30/2021, 8:11:17 AM | INFO | PATIENT: retreived all patients for user with email address deva4rf@gmail.com | 
4/30/2021, 8:13:17 AM | INFO | PATIENT: retreived all patients for user with email address deva4rf@gmail.com | 
4/30/2021, 8:13:52 AM | INFO | PATIENT: retreived all patients for user with email address deva4rf@gmail.com | 
4/30/2021, 8:15:16 AM | INFO | PATIENT: retreived all patients for user with email address deva4rf@gmail.com | 
4/30/2021, 8:15:37 AM | INFO | PATIENT: retreived all patients for user with email address deva4rf@gmail.com | 
4/30/2021, 8:17:17 AM | INFO | PATIENT: retreived all patients for user with email address deva4rf@gmail.com | 
4/30/2021, 8:17:29 AM | INFO | PATIENT: retreived all patients for user with email address deva4rf@gmail.com | 
4/30/2021, 8:17:45 AM | INFO | PATIENT: retreived all patients for user with email address deva4rf@gmail.com | 
4/30/2021, 8:19:18 AM | INFO | PATIENT: retreived all patients for user with email address deva4rf@gmail.com | 
4/30/2021, 8:19:31 AM | INFO | PATIENT: retreived all patients for user with email address deva4rf@gmail.com | 
4/30/2021, 8:19:39 AM | INFO | PATIENT: retreived all patients for user with email address deva4rf@gmail.com | 
4/30/2021, 8:20:09 AM | INFO | PATIENT: retreived all patients for user with email address deva4rf@gmail.com | 
4/30/2021, 8:21:57 AM | INFO | PATIENT: retreived all patients for user with email address deva4rf@gmail.com | 
4/30/2021, 8:27:54 AM | INFO | PATIENT: retreived all patients for user with email address deva4rf@gmail.com | 
4/30/2021, 8:40:29 AM | INFO | PATIENT: retreived all patients for user with email address deva4rf@gmail.com | 
4/30/2021, 8:40:29 AM | INFO | PATIENT: retreived all patients for user with email address deva4rf@gmail.com | 
4/30/2021, 8:41:09 AM | INFO | PATIENT: retreived all patients for user with email address deva4rf@gmail.com | 
4/30/2021, 8:41:09 AM | INFO | PATIENT: retreived all patients for user with email address deva4rf@gmail.com | 
4/30/2021, 8:43:24 AM | INFO | PATIENT: retreived all patients for user with email address deva4rf@gmail.com | 
4/30/2021, 8:43:24 AM | INFO | PATIENT: retreived all patients for user with email address deva4rf@gmail.com | 
4/30/2021, 8:43:56 AM | INFO | PATIENT: retreived all patients for user with email address deva4rf@gmail.com | 
4/30/2021, 8:43:56 AM | INFO | PATIENT: retreived all patients for user with email address deva4rf@gmail.com | 
4/30/2021, 8:44:32 AM | INFO | PATIENT: retreived all patients for user with email address deva4rf@gmail.com | 
4/30/2021, 8:44:32 AM | INFO | PATIENT: retreived all patients for user with email address deva4rf@gmail.com | 
4/30/2021, 8:45:19 AM | INFO | PATIENT: retreived all patients for user with email address deva4rf@gmail.com | 
4/30/2021, 8:45:19 AM | INFO | PATIENT: retreived all patients for user with email address deva4rf@gmail.com | 
4/30/2021, 8:48:55 AM | INFO | PATIENT: retreived all patients for user with email address deva4rf@gmail.com | 
4/30/2021, 8:48:55 AM | INFO | PATIENT: retreived all patients for user with email address deva4rf@gmail.com | 
4/30/2021, 8:49:24 AM | INFO | PATIENT: retreived all patients for user with email address deva4rf@gmail.com | 
4/30/2021, 8:49:27 AM | INFO | PATIENT: retreived all patients for user with email address deva4rf@gmail.com | 
4/30/2021, 8:49:53 AM | INFO | PATIENT: retreived all patients for user with email address deva4rf@gmail.com | 
4/30/2021, 8:50:09 AM | INFO | PATIENT: retreived all patients for user with email address deva4rf@gmail.com | 
4/30/2021, 8:53:24 AM | INFO | PATIENT: retreived all patients for user with email address deva4rf@gmail.com | 
4/30/2021, 8:54:04 AM | INFO | PATIENT: retreived all patients for user with email address deva4rf@gmail.com | 
4/30/2021, 8:54:14 AM | INFO | PATIENT: retreived all patients for user with email address deva4rf@gmail.com | 
4/30/2021, 8:54:48 AM | INFO | PATIENT: retreived all patients for user with email address deva4rf@gmail.com | 
4/30/2021, 8:55:28 AM | INFO | PATIENT: retreived all patients for user with email address deva4rf@gmail.com | 
4/30/2021, 8:55:59 AM | INFO | PATIENT: retreived all patients for user with email address deva4rf@gmail.com | 
4/30/2021, 8:56:15 AM | INFO | PATIENT: retreived all patients for user with email address deva4rf@gmail.com | 
4/30/2021, 8:56:15 AM | INFO | PATIENT: retreived all patients for user with email address deva4rf@gmail.com | 
4/30/2021, 8:56:16 AM | INFO | PATIENT: retreived all patients for user with email address deva4rf@gmail.com | 
4/30/2021, 8:56:16 AM | INFO | PATIENT: retreived all patients for user with email address deva4rf@gmail.com | 
4/30/2021, 8:56:16 AM | INFO | PATIENT: retreived all patients for user with email address deva4rf@gmail.com | 
4/30/2021, 8:56:17 AM | INFO | PATIENT: retreived all patients for user with email address deva4rf@gmail.com | 
4/30/2021, 8:56:17 AM | INFO | PATIENT: retreived all patients for user with email address deva4rf@gmail.com | 
4/30/2021, 8:56:17 AM | INFO | PATIENT: retreived all patients for user with email address deva4rf@gmail.com | 
4/30/2021, 8:56:18 AM | INFO | PATIENT: retreived all patients for user with email address deva4rf@gmail.com | 
4/30/2021, 8:56:18 AM | INFO | PATIENT: retreived all patients for user with email address deva4rf@gmail.com | 
4/30/2021, 8:56:18 AM | INFO | PATIENT: retreived all patients for user with email address deva4rf@gmail.com | 
4/30/2021, 8:56:19 AM | INFO | PATIENT: retreived all patients for user with email address deva4rf@gmail.com | 
4/30/2021, 8:56:19 AM | INFO | PATIENT: retreived all patients for user with email address deva4rf@gmail.com | 
4/30/2021, 8:56:20 AM | INFO | PATIENT: retreived all patients for user with email address deva4rf@gmail.com | 
4/30/2021, 8:56:20 AM | INFO | PATIENT: retreived all patients for user with email address deva4rf@gmail.com | 
4/30/2021, 8:56:20 AM | INFO | PATIENT: retreived all patients for user with email address deva4rf@gmail.com | 
4/30/2021, 8:56:21 AM | INFO | PATIENT: retreived all patients for user with email address deva4rf@gmail.com | 
4/30/2021, 8:56:21 AM | INFO | PATIENT: retreived all patients for user with email address deva4rf@gmail.com | 
4/30/2021, 8:56:22 AM | INFO | PATIENT: retreived all patients for user with email address deva4rf@gmail.com | 
4/30/2021, 8:56:22 AM | INFO | PATIENT: retreived all patients for user with email address deva4rf@gmail.com | 
4/30/2021, 8:56:22 AM | INFO | PATIENT: retreived all patients for user with email address deva4rf@gmail.com | 
4/30/2021, 8:56:23 AM | INFO | PATIENT: retreived all patients for user with email address deva4rf@gmail.com | 
4/30/2021, 8:56:23 AM | INFO | PATIENT: retreived all patients for user with email address deva4rf@gmail.com | 
4/30/2021, 8:56:24 AM | INFO | PATIENT: retreived all patients for user with email address deva4rf@gmail.com | 
4/30/2021, 8:56:24 AM | INFO | PATIENT: retreived all patients for user with email address deva4rf@gmail.com | 
4/30/2021, 8:56:24 AM | INFO | PATIENT: retreived all patients for user with email address deva4rf@gmail.com | 
4/30/2021, 8:56:25 AM | INFO | PATIENT: retreived all patients for user with email address deva4rf@gmail.com | 
4/30/2021, 8:56:25 AM | INFO | PATIENT: retreived all patients for user with email address deva4rf@gmail.com | 
4/30/2021, 8:56:25 AM | INFO | PATIENT: retreived all patients for user with email address deva4rf@gmail.com | 
4/30/2021, 8:56:26 AM | INFO | PATIENT: retreived all patients for user with email address deva4rf@gmail.com | 
4/30/2021, 8:56:26 AM | INFO | PATIENT: retreived all patients for user with email address deva4rf@gmail.com | 
4/30/2021, 8:56:26 AM | INFO | PATIENT: retreived all patients for user with email address deva4rf@gmail.com | 
4/30/2021, 8:58:38 AM | INFO | PATIENT: retreived all patients for user with email address deva4rf@gmail.com | 
4/30/2021, 8:58:39 AM | INFO | PATIENT: retreived all patients for user with email address deva4rf@gmail.com | 
4/30/2021, 8:58:39 AM | INFO | PATIENT: retreived all patients for user with email address deva4rf@gmail.com | 
4/30/2021, 8:58:39 AM | INFO | PATIENT: retreived all patients for user with email address deva4rf@gmail.com | 
4/30/2021, 8:58:40 AM | INFO | PATIENT: retreived all patients for user with email address deva4rf@gmail.com | 
4/30/2021, 8:58:40 AM | INFO | PATIENT: retreived all patients for user with email address deva4rf@gmail.com | 
4/30/2021, 8:58:40 AM | INFO | PATIENT: retreived all patients for user with email address deva4rf@gmail.com | 
4/30/2021, 8:58:41 AM | INFO | PATIENT: retreived all patients for user with email address deva4rf@gmail.com | 
4/30/2021, 8:58:41 AM | INFO | PATIENT: retreived all patients for user with email address deva4rf@gmail.com | 
4/30/2021, 8:58:41 AM | INFO | PATIENT: retreived all patients for user with email address deva4rf@gmail.com | 
4/30/2021, 8:58:42 AM | INFO | PATIENT: retreived all patients for user with email address deva4rf@gmail.com | 
4/30/2021, 8:58:42 AM | INFO | PATIENT: retreived all patients for user with email address deva4rf@gmail.com | 
4/30/2021, 8:58:42 AM | INFO | PATIENT: retreived all patients for user with email address deva4rf@gmail.com | 
4/30/2021, 8:58:43 AM | INFO | PATIENT: retreived all patients for user with email address deva4rf@gmail.com | 
4/30/2021, 8:58:43 AM | INFO | PATIENT: retreived all patients for user with email address deva4rf@gmail.com | 
4/30/2021, 8:58:43 AM | INFO | PATIENT: retreived all patients for user with email address deva4rf@gmail.com | 
4/30/2021, 8:58:44 AM | INFO | PATIENT: retreived all patients for user with email address deva4rf@gmail.com | 
4/30/2021, 8:58:44 AM | INFO | PATIENT: retreived all patients for user with email address deva4rf@gmail.com | 
4/30/2021, 8:58:44 AM | INFO | PATIENT: retreived all patients for user with email address deva4rf@gmail.com | 
4/30/2021, 8:58:45 AM | INFO | PATIENT: retreived all patients for user with email address deva4rf@gmail.com | 
4/30/2021, 8:58:45 AM | INFO | PATIENT: retreived all patients for user with email address deva4rf@gmail.com | 
4/30/2021, 8:58:45 AM | INFO | PATIENT: retreived all patients for user with email address deva4rf@gmail.com | 
4/30/2021, 8:58:46 AM | INFO | PATIENT: retreived all patients for user with email address deva4rf@gmail.com | 
4/30/2021, 8:58:46 AM | INFO | PATIENT: retreived all patients for user with email address deva4rf@gmail.com | 
4/30/2021, 8:58:46 AM | INFO | PATIENT: retreived all patients for user with email address deva4rf@gmail.com | 
4/30/2021, 9:01:58 AM | INFO | PATIENT: retreived all patients for user with email address deva4rf@gmail.com | 
4/30/2021, 9:01:58 AM | INFO | PATIENT: retreived all patients for user with email address deva4rf@gmail.com | 
4/30/2021, 9:02:09 AM | INFO | PATIENT: retreived all patients for user with email address deva4rf@gmail.com | 
4/30/2021, 9:07:15 AM | INFO | PATIENT: retreived all patients for user with email address deva4rf@gmail.com | 
4/30/2021, 9:08:11 AM | INFO | PATIENT: retreived all patients for user with email address deva4rf@gmail.com | 
4/30/2021, 9:08:16 AM | INFO | PATIENT: retreived all patients for user with email address deva4rf@gmail.com | 
4/30/2021, 9:09:56 AM | INFO | PATIENT: retreived all patients for user with email address deva4rf@gmail.com | 
4/30/2021, 9:11:28 AM | INFO | PATIENT: retreived all patients for user with email address deva4rf@gmail.com | 
4/30/2021, 9:11:48 AM | INFO | PATIENT: retreived all patients for user with email address deva4rf@gmail.com | 
4/30/2021, 9:12:41 AM | INFO | PATIENT: created new patient for user with email address deva4rf@gmail.com | 
4/30/2021, 9:12:43 AM | INFO | PATIENT: created new patient for user with email address deva4rf@gmail.com | 
4/30/2021, 9:12:45 AM | INFO | PATIENT: created new patient for user with email address deva4rf@gmail.com | 
4/30/2021, 9:12:45 AM | INFO | PATIENT: created new patient for user with email address deva4rf@gmail.com | 
4/30/2021, 9:12:46 AM | INFO | PATIENT: created new patient for user with email address deva4rf@gmail.com | 
4/30/2021, 9:12:47 AM | INFO | PATIENT: created new patient for user with email address deva4rf@gmail.com | 
4/30/2021, 9:12:48 AM | INFO | PATIENT: created new patient for user with email address deva4rf@gmail.com | 
4/30/2021, 9:12:49 AM | INFO | PATIENT: created new patient for user with email address deva4rf@gmail.com | 
4/30/2021, 9:12:53 AM | INFO | PATIENT: created new patient for user with email address deva4rf@gmail.com | 
4/30/2021, 9:12:53 AM | INFO | PATIENT: created new patient for user with email address deva4rf@gmail.com | 
4/30/2021, 9:12:54 AM | INFO | PATIENT: created new patient for user with email address deva4rf@gmail.com | 
4/30/2021, 9:12:55 AM | INFO | PATIENT: created new patient for user with email address deva4rf@gmail.com | 
4/30/2021, 9:12:56 AM | INFO | PATIENT: created new patient for user with email address deva4rf@gmail.com | 
4/30/2021, 9:12:57 AM | INFO | PATIENT: created new patient for user with email address deva4rf@gmail.com | 
4/30/2021, 9:12:58 AM | INFO | PATIENT: created new patient for user with email address deva4rf@gmail.com | 
4/30/2021, 9:12:59 AM | INFO | PATIENT: created new patient for user with email address deva4rf@gmail.com | 
4/30/2021, 9:13:00 AM | INFO | PATIENT: created new patient for user with email address deva4rf@gmail.com | 
4/30/2021, 9:13:04 AM | INFO | PATIENT: retreived all patients for user with email address deva4rf@gmail.com | 
4/30/2021, 9:18:34 AM | INFO | PATIENT: retreived all patients for user with email address deva4rf@gmail.com | 
4/30/2021, 9:19:25 AM | INFO | PATIENT: retreived all patients for user with email address deva4rf@gmail.com | 
4/30/2021, 9:19:39 AM | INFO | PATIENT: retreived all patients for user with email address deva4rf@gmail.com | 
4/30/2021, 9:19:54 AM | INFO | PATIENT: retreived all patients for user with email address deva4rf@gmail.com | 
4/30/2021, 9:20:12 AM | INFO | PATIENT: retreived all patients for user with email address deva4rf@gmail.com | 
4/30/2021, 9:20:28 AM | INFO | PATIENT: retreived all patients for user with email address deva4rf@gmail.com | 
4/30/2021, 9:21:14 AM | INFO | PATIENT: retreived all patients for user with email address deva4rf@gmail.com | 
4/30/2021, 9:21:25 AM | INFO | PATIENT: retreived all patients for user with email address deva4rf@gmail.com | 
4/30/2021, 9:26:07 AM | INFO | PATIENT: retreived all patients for user with email address deva4rf@gmail.com | 
4/30/2021, 9:26:14 AM | INFO | PATIENT: retreived all patients for user with email address deva4rf@gmail.com | 
4/30/2021, 9:26:27 AM | INFO | PATIENT: retreived all patients for user with email address deva4rf@gmail.com | 
