5/25/2021, 11:33:40 AM | INFO | REGISTER: registered a new user with email address nabocop829@frnla.com | 
5/25/2021, 11:37:13 AM | INFO | REGISTER: registered a new user with email address lepiy45369@frnla.com | 
5/25/2021, 11:37:46 AM | INFO | REGISTER: registered a new user with email address sekac18254@frnla.com | 
5/25/2021, 11:38:19 AM | INFO | verify: trying to vefiy an email sekac18254@frnla.com with token 87ca1ca5-24e5-494b-bda1-b3f3a338fd9c | 
5/25/2021, 11:38:20 AM | ERROR | verify: error trying to vefiy an email sekac18254@frnla.com with token 87ca1ca5-24e5-494b-bda1-b3f3a338fd9c | data "User has been already verified. Please Login!" | 
5/25/2021, 12:01:59 PM | INFO | REGISTER: registered a new user with email address releve9735@geekale.com | 
5/25/2021, 12:14:15 PM | INFO | verify: trying to vefiy an email releve937a35@geekale.com with token 3d2f2a7b-34af-49c7-a0c0-eee931aa881b | 
5/25/2021, 12:14:16 PM | ERROR | verify: error trying to vefiy an email releve937a35@geekale.com with token 3d2f2a7b-34af-49c7-a0c0-eee931aa881b | data "We were unable to find a user for this verification token. Please SignUp!" | 
5/25/2021, 12:14:24 PM | INFO | verify: trying to vefiy an email releve937a35@geekale.com with token 3d2f2a7b-34af-49c7-a0c0-eee931aa881b | 
5/25/2021, 12:14:25 PM | ERROR | verify: error trying to vefiy an email releve937a35@geekale.com with token 3d2f2a7b-34af-49c7-a0c0-eee931aa881b | data "We were unable to find a user for this verification token. Please SignUp!" | 
5/25/2021, 12:14:31 PM | INFO | verify: trying to vefiy an email releve937a35@geekale.com with token 3d2f2a7b-34af-49c7-a0c0-eee931aa881b | 
5/25/2021, 12:14:32 PM | ERROR | verify: error trying to vefiy an email releve937a35@geekale.com with token 3d2f2a7b-34af-49c7-a0c0-eee931aa881b | data "We were unable to find a user for this verification token. Please SignUp!" | 
5/25/2021, 12:15:04 PM | INFO | verify: trying to vefiy an email releve937a35@geekale.com with token 3d2f2a7b-34af-49c7-a0c0-eee931aa881b | 
5/25/2021, 12:15:05 PM | ERROR | verify: error trying to vefiy an email releve937a35@geekale.com with token 3d2f2a7b-34af-49c7-a0c0-eee931aa881b | data "We were unable to find a user for this verification token. Please SignUp!" | 
5/25/2021, 12:15:44 PM | INFO | verify: trying to vefiy an email releve937a35@geekale.com with token 3d2f2a7b-34af-49c7-a0c0-eee931aa881b | 
5/25/2021, 12:15:45 PM | ERROR | verify: error trying to vefiy an email releve937a35@geekale.com with token 3d2f2a7b-34af-49c7-a0c0-eee931aa881b | data "We were unable to find a user for this verification token. Please SignUp!" | 
5/25/2021, 12:15:53 PM | INFO | verify: trying to vefiy an email releve937a35@geekale.com with token 3d2f2a7b-34af-49c7-a0c0-eee931aa881b | 
5/25/2021, 12:15:54 PM | ERROR | verify: error trying to vefiy an email releve937a35@geekale.com with token 3d2f2a7b-34af-49c7-a0c0-eee931aa881b | data "We were unable to find a user for this verification token. Please SignUp!" | 
5/25/2021, 12:16:55 PM | INFO | verify: trying to vefiy an email releve937a35@geekale.com with token 3d2f2a7b-34af-49c7-a0c0-eee931aa881b | 
5/25/2021, 12:16:55 PM | ERROR | verify: error trying to vefiy an email releve937a35@geekale.com with token 3d2f2a7b-34af-49c7-a0c0-eee931aa881b | data "We were unable to find a user for this verification token. Please SignUp!" | 
5/25/2021, 12:17:59 PM | INFO | verify: trying to vefiy an email releve937a35@geekale.com with token 3d2f2a7b-34af-49c7-a0c0-eee931aa881b | 
5/25/2021, 12:18:00 PM | ERROR | verify: error trying to vefiy an email releve937a35@geekale.com with token 3d2f2a7b-34af-49c7-a0c0-eee931aa881b | data "We were unable to find a user for this verification token. Please SignUp!" | 
5/25/2021, 12:18:00 PM | INFO | verify: trying to vefiy an email releve937a35@geekale.com with token 3d2f2a7b-34af-49c7-a0c0-eee931aa881b | 
5/25/2021, 12:18:00 PM | ERROR | verify: error trying to vefiy an email releve937a35@geekale.com with token 3d2f2a7b-34af-49c7-a0c0-eee931aa881b | data "We were unable to find a user for this verification token. Please SignUp!" | 
5/25/2021, 12:18:00 PM | INFO | verify: trying to vefiy an email releve937a35@geekale.com with token 3d2f2a7b-34af-49c7-a0c0-eee931aa881b | 
5/25/2021, 12:18:00 PM | ERROR | verify: error trying to vefiy an email releve937a35@geekale.com with token 3d2f2a7b-34af-49c7-a0c0-eee931aa881b | data "We were unable to find a user for this verification token. Please SignUp!" | 
5/25/2021, 12:19:47 PM | INFO | verify: trying to vefiy an email releve937a35@geekale.com with token 3d2f2a7b-34af-49c7-a0c0-eee931aa881b | 
5/25/2021, 12:19:47 PM | ERROR | verify: error trying to vefiy an email releve937a35@geekale.com with token 3d2f2a7b-34af-49c7-a0c0-eee931aa881b | data "We were unable to find a user for this verification token. Please SignUp!" | 
5/25/2021, 12:20:36 PM | INFO | verify: trying to vefiy an email releve937a35@geekale.com with token 3d2f2a7b-34af-49c7-a0c0-eee931aa881b | 
5/25/2021, 12:20:37 PM | ERROR | verify: error trying to vefiy an email releve937a35@geekale.com with token 3d2f2a7b-34af-49c7-a0c0-eee931aa881b | data "We were unable to find a user for this verification token. Please SignUp!" | 
5/25/2021, 12:21:12 PM | INFO | verify: trying to vefiy an email releve937a435@geekale.com with token 3d2f2a7b-34af-49c7-a0c0-eee931aa881b | 
5/25/2021, 12:21:13 PM | ERROR | verify: error trying to vefiy an email releve937a435@geekale.com with token 3d2f2a7b-34af-49c7-a0c0-eee931aa881b | data "We were unable to find a user for this verification token. Please SignUp!" | 
5/25/2021, 12:21:49 PM | INFO | verify: trying to vefiy an email releve937a435@geekale.com with token 3d2f2a7b-34af-49c7-a0c0-eee931aa881b | 
5/25/2021, 12:21:50 PM | ERROR | verify: error trying to vefiy an email releve937a435@geekale.com with token 3d2f2a7b-34af-49c7-a0c0-eee931aa881b | data "We were unable to find a user for this verification token. Please SignUp!" | 
5/25/2021, 12:21:50 PM | INFO | verify: trying to vefiy an email releve937a435@geekale.com with token 3d2f2a7b-34af-49c7-a0c0-eee931aa881b | 
5/25/2021, 12:21:50 PM | ERROR | verify: error trying to vefiy an email releve937a435@geekale.com with token 3d2f2a7b-34af-49c7-a0c0-eee931aa881b | data "We were unable to find a user for this verification token. Please SignUp!" | 
5/25/2021, 12:21:50 PM | INFO | verify: trying to vefiy an email releve937a435@geekale.com with token 3d2f2a7b-34af-49c7-a0c0-eee931aa881b | 
5/25/2021, 12:21:50 PM | ERROR | verify: error trying to vefiy an email releve937a435@geekale.com with token 3d2f2a7b-34af-49c7-a0c0-eee931aa881b | data "We were unable to find a user for this verification token. Please SignUp!" | 
5/25/2021, 12:23:50 PM | INFO | verify: trying to vefiy an email releve937a435@geekale.com with token 3d2f2a7b-34af-49c7-a0c0-eee931aa881b | 
5/25/2021, 12:23:50 PM | ERROR | verify: error trying to vefiy an email releve937a435@geekale.com with token 3d2f2a7b-34af-49c7-a0c0-eee931aa881b | data "We were unable to find a user for this verification token. Please SignUp!" | 
5/25/2021, 12:23:50 PM | INFO | verify: trying to vefiy an email releve937a435@geekale.com with token 3d2f2a7b-34af-49c7-a0c0-eee931aa881b | 
5/25/2021, 12:23:51 PM | ERROR | verify: error trying to vefiy an email releve937a435@geekale.com with token 3d2f2a7b-34af-49c7-a0c0-eee931aa881b | data "We were unable to find a user for this verification token. Please SignUp!" | 
5/25/2021, 12:25:34 PM | INFO | verify: trying to vefiy an email releve937a432335@geekale.com with token 3d2f2a7b-34af-49c7-a0c0-eee931aa881b | 
5/25/2021, 12:25:35 PM | ERROR | verify: error trying to vefiy an email releve937a432335@geekale.com with token 3d2f2a7b-34af-49c7-a0c0-eee931aa881b | data "We were unable to find a user for this verification token. Please SignUp!" | 
5/25/2021, 12:26:34 PM | INFO | verify: trying to vefiy an email releve937a432335@geekale.com with token 3d2f2a7b-34af-49c7-a0c0-eee931aa881bas | 
5/25/2021, 12:26:35 PM | ERROR | verify: error trying to vefiy an email releve937a432335@geekale.com with token 3d2f2a7b-34af-49c7-a0c0-eee931aa881bas | data "Your verification link may have expired. Please click on resend to verify your Email" | 
5/25/2021, 12:27:02 PM | INFO | verify: trying to vefiy an email releve937a432335@geeaskale.com with token 3d2f2a7b-34af-49c7-a0c0-eee931aa881bas | 
5/25/2021, 12:27:02 PM | ERROR | verify: error trying to vefiy an email releve937a432335@geeaskale.com with token 3d2f2a7b-34af-49c7-a0c0-eee931aa881bas | data "Your verification link may have expired. Please click on resend to verify your Email" | 
5/25/2021, 12:27:02 PM | INFO | verify: trying to vefiy an email releve937a432335@geeaskale.com with token 3d2f2a7b-34af-49c7-a0c0-eee931aa881bas | 
5/25/2021, 12:27:03 PM | ERROR | verify: error trying to vefiy an email releve937a432335@geeaskale.com with token 3d2f2a7b-34af-49c7-a0c0-eee931aa881bas | data "Your verification link may have expired. Please click on resend to verify your Email" | 
5/25/2021, 12:27:03 PM | INFO | verify: trying to vefiy an email releve937a432335@geeaskale.com with token 3d2f2a7b-34af-49c7-a0c0-eee931aa881bas | 
5/25/2021, 12:27:03 PM | ERROR | verify: error trying to vefiy an email releve937a432335@geeaskale.com with token 3d2f2a7b-34af-49c7-a0c0-eee931aa881bas | data "Your verification link may have expired. Please click on resend to verify your Email" | 
5/25/2021, 12:30:19 PM | INFO | verify: trying to vefiy an email releve937a432335@geeaskale.com with token 3d2f2a7b-34af-49c7-a0c0-eee931aa881bas | 
5/25/2021, 12:30:19 PM | ERROR | verify: error trying to vefiy an email releve937a432335@geeaskale.com with token 3d2f2a7b-34af-49c7-a0c0-eee931aa881bas | data "Your verification link may have expired. Please click on resend to verify your Email" | 
5/25/2021, 12:30:42 PM | INFO | verify: trying to vefiy an email releve937a432335@geeaskale.com with token 3d2f2a7b-34af-49c7-a0c0-eee931aa881bas | 
5/25/2021, 12:30:42 PM | ERROR | verify: error trying to vefiy an email releve937a432335@geeaskale.com with token 3d2f2a7b-34af-49c7-a0c0-eee931aa881bas | data "Your verification link may have expired. Please click on resend to verify your Email" | 
5/25/2021, 12:30:42 PM | INFO | verify: trying to vefiy an email releve937a432335@geeaskale.com with token 3d2f2a7b-34af-49c7-a0c0-eee931aa881bas | 
5/25/2021, 12:30:43 PM | ERROR | verify: error trying to vefiy an email releve937a432335@geeaskale.com with token 3d2f2a7b-34af-49c7-a0c0-eee931aa881bas | data "Your verification link may have expired. Please click on resend to verify your Email" | 
5/25/2021, 12:31:11 PM | INFO | verify: trying to vefiy an email releve937a432335@geeaskale.com with token 3d2f2a7b-34af-49c7-a0c0-eee931aa881bas | 
5/25/2021, 12:31:11 PM | ERROR | verify: error trying to vefiy an email releve937a432335@geeaskale.com with token 3d2f2a7b-34af-49c7-a0c0-eee931aa881bas | data "Your verification link may have expired. Please click on resend to verify your Email" | 
5/25/2021, 12:31:18 PM | INFO | verify: trying to vefiy an email releve937a432335@geeaskale.com with token 3d2f2a7b-34af-49c7-a0c0-eee931aa881bas | 
5/25/2021, 12:31:18 PM | ERROR | verify: error trying to vefiy an email releve937a432335@geeaskale.com with token 3d2f2a7b-34af-49c7-a0c0-eee931aa881bas | data "Your verification link may have expired. Please click on resend to verify your Email" | 
5/25/2021, 12:31:20 PM | INFO | verify: trying to vefiy an email releve937a432335@geeaskale.com with token 3d2f2a7b-34af-49c7-a0c0-eee931aa881bas | 
5/25/2021, 12:31:20 PM | ERROR | verify: error trying to vefiy an email releve937a432335@geeaskale.com with token 3d2f2a7b-34af-49c7-a0c0-eee931aa881bas | data "Your verification link may have expired. Please click on resend to verify your Email" | 
5/25/2021, 12:31:58 PM | INFO | verify: trying to vefiy an email releve9735@geekale.com with token 3d2f2a7b-34af-49c7-a0c0-eee931aa881b | 
5/25/2021, 12:31:59 PM | ERROR | verify: error trying to vefiy an email releve9735@geekale.com with token 3d2f2a7b-34af-49c7-a0c0-eee931aa881b | data "User has been already verified. Please Login!" | 
5/25/2021, 12:32:42 PM | INFO | verify: trying to vefiy an email releve9735@geekale.com with token 3d2f2a7b-34af-49c7-a0c0-eee931aa881b | 
5/25/2021, 12:32:42 PM | ERROR | verify: error trying to vefiy an email releve9735@geekale.com with token 3d2f2a7b-34af-49c7-a0c0-eee931aa881b | data "User has been already verified. Please Login!" | 
5/25/2021, 12:35:21 PM | INFO | verify: trying to vefiy an email releve9735@geekaasdle.com with token 3d2f2a7b-34af-49c7-a0c0-asdeee931aa881b | 
5/25/2021, 12:35:22 PM | ERROR | verify: error trying to vefiy an email releve9735@geekaasdle.com with token 3d2f2a7b-34af-49c7-a0c0-asdeee931aa881b | data "Your verification link may have expired. Please click on resend to verify your Email" | 
5/25/2021, 12:35:22 PM | INFO | verify: trying to vefiy an email releve9735@geekaasdle.com with token 3d2f2a7b-34af-49c7-a0c0-asdeee931aa881b | 
5/25/2021, 12:35:22 PM | ERROR | verify: error trying to vefiy an email releve9735@geekaasdle.com with token 3d2f2a7b-34af-49c7-a0c0-asdeee931aa881b | data "Your verification link may have expired. Please click on resend to verify your Email" | 
5/25/2021, 12:35:41 PM | INFO | verify: trying to vefiy an email releve9735@geekaasdle.com with token 3d2f2a7b-34af-49c7-a0c0-asdeee931aa881b | 
5/25/2021, 12:35:41 PM | ERROR | verify: error trying to vefiy an email releve9735@geekaasdle.com with token 3d2f2a7b-34af-49c7-a0c0-asdeee931aa881b | data "Your verification link may have expired. Please click on resend to verify your Email" | 
5/25/2021, 12:35:45 PM | INFO | verify: trying to vefiy an email releve9735@geekaasdle.com with token 3d2f2a7b-34af-49c7-a0c0-asdeee931aa881b | 
5/25/2021, 12:35:46 PM | ERROR | verify: error trying to vefiy an email releve9735@geekaasdle.com with token 3d2f2a7b-34af-49c7-a0c0-asdeee931aa881b | data "Your verification link may have expired. Please click on resend to verify your Email" | 
5/25/2021, 12:36:05 PM | INFO | verify: trying to vefiy an email releve9735@geekaasdle.com with token 3d2f2a7b-34af-49c7-a0c0-asdeee931aa881b | 
5/25/2021, 12:36:05 PM | ERROR | verify: error trying to vefiy an email releve9735@geekaasdle.com with token 3d2f2a7b-34af-49c7-a0c0-asdeee931aa881b | data "Your verification link may have expired. Please click on resend to verify your Email" | 
5/25/2021, 12:37:40 PM | INFO | verify: trying to vefiy an email releve9735@geekaasdle.com with token 3d2f2a7b-34af-49c7-a0c0-asdeee931aa881b | 
5/25/2021, 12:37:41 PM | ERROR | verify: error trying to vefiy an email releve9735@geekaasdle.com with token 3d2f2a7b-34af-49c7-a0c0-asdeee931aa881b | data "Your verification link may have expired. Please click on resend to verify your Email" | 
5/25/2021, 12:37:44 PM | INFO | verify: trying to vefiy an email releve9735@geekaasdle.com with token 3d2f2a7b-34af-49c7-a0c0-asdeee931aa881b | 
5/25/2021, 12:37:44 PM | ERROR | verify: error trying to vefiy an email releve9735@geekaasdle.com with token 3d2f2a7b-34af-49c7-a0c0-asdeee931aa881b | data "Your verification link may have expired. Please click on resend to verify your Email" | 
5/25/2021, 12:38:31 PM | INFO | verify: trying to vefiy an email releve9735@geekaasdle.com with token 3d2f2a7b-34af-49c7-a0c0-asdeee931aa881b | 
5/25/2021, 12:38:32 PM | ERROR | verify: error trying to vefiy an email releve9735@geekaasdle.com with token 3d2f2a7b-34af-49c7-a0c0-asdeee931aa881b | data "Your verification link may have expired. Please click on resend to verify your Email" | 
5/25/2021, 12:38:57 PM | INFO | verify: trying to vefiy an email releve9735@geekaasdle.com with token 3d2f2a7b-34af-49c7-a0c0-asdeee931aa881b | 
5/25/2021, 12:38:58 PM | ERROR | verify: error trying to vefiy an email releve9735@geekaasdle.com with token 3d2f2a7b-34af-49c7-a0c0-asdeee931aa881b | data "Your verification link may have expired. Please click on resend to verify your Email" | 
5/25/2021, 12:39:00 PM | INFO | verify: trying to vefiy an email releve9735@geekaasdle.com with token 3d2f2a7b-34af-49c7-a0c0-asdeee931aa881b | 
5/25/2021, 12:39:00 PM | ERROR | verify: error trying to vefiy an email releve9735@geekaasdle.com with token 3d2f2a7b-34af-49c7-a0c0-asdeee931aa881b | data "Your verification link may have expired. Please click on resend to verify your Email" | 
5/25/2021, 12:39:06 PM | INFO | verify: trying to vefiy an email releve9735@geekaasdle.com with token 3d2f2a7b-34af-49c7-a0c0-asdeee931aa881b | 
5/25/2021, 12:39:06 PM | ERROR | verify: error trying to vefiy an email releve9735@geekaasdle.com with token 3d2f2a7b-34af-49c7-a0c0-asdeee931aa881b | data "Your verification link may have expired. Please click on resend to verify your Email" | 
5/25/2021, 12:39:48 PM | INFO | REGISTER: registered a new user with email address hedig60676@frnla.com | 
5/25/2021, 12:40:07 PM | INFO | verify: trying to vefiy an email hedig60676@frnla.com with token 5c218192-0247-45ea-bbcc-e366ab16d218 | 
5/25/2021, 12:40:07 PM | ERROR | verify: error trying to vefiy an email hedig60676@frnla.com with token 5c218192-0247-45ea-bbcc-e366ab16d218 | data "User has been already verified. Please Login!" | 
5/25/2021, 12:40:23 PM | INFO | verify: trying to vefiy an email hedig60676@frnla.com with token 5c218192-0247-45ea-bbcc-e366ab16d218 | 
5/25/2021, 12:40:24 PM | ERROR | verify: error trying to vefiy an email hedig60676@frnla.com with token 5c218192-0247-45ea-bbcc-e366ab16d218 | data "User has been already verified. Please Login!" | 
